<?xml version="1.0" encoding="UTF-8"?>
<testng-results skipped="0" failed="0" ignored="0" total="1" passed="1">
  <reporter-output>
  </reporter-output>
  <suite name="Surefire suite" duration-ms="16" started-at="2019-06-05T19:39:30Z" finished-at="2019-06-05T19:39:30Z">
    <groups>
    </groups>
    <test name="Surefire test" duration-ms="16" started-at="2019-06-05T19:39:30Z" finished-at="2019-06-05T19:39:30Z">
      <class name="za.co.nedbank.Demo.AppTest">
        <test-method status="PASS" signature="exampleOfTestNgMaven()[pri:0, instance:za.co.nedbank.Demo.AppTest@19bb089b]" name="exampleOfTestNgMaven" duration-ms="0" started-at="2019-06-05T19:39:30Z" finished-at="2019-06-05T19:39:30Z">
          <reporter-output>
          </reporter-output>
        </test-method> <!-- exampleOfTestNgMaven -->
      </class> <!-- za.co.nedbank.Demo.AppTest -->
    </test> <!-- Surefire test -->
  </suite> <!-- Surefire suite -->
</testng-results>
